2023-06-30 01:05:29.080 ERROR 6876 --- [main] o.s.b.d.LoggingFailureAnalysisReporter   : 

***************************
APPLICATION FAILED TO START
***************************

Description:

Failed to bind properties under 'logging.level' to java.util.Map<java.lang.String, org.springframework.boot.logging.LogLevel>:

    Property: logging.level
    Value: "trace"
    Origin: class path resource [application.properties] - 8:15
    Reason: org.springframework.core.convert.ConverterNotFoundException: No converter found capable of converting from type [java.lang.String] to type [java.util.Map<java.lang.String, org.springframework.boot.logging.LogLevel>]

Action:

Update your application's configuration

2023-06-30 01:07:31.310  INFO 7444 --- [main] c.d.ablingker.AblingkerDemoApplication   : Starting AblingkerDemoApplication using Java 17.0.6 on DESKTOP-2IAE63U with PID 7444 (D:\private\ablingker\backend\ablingker_demo\bin\main started by seungkyun in D:\private\ablingker\backend\ablingker_demo)
2023-06-30 01:07:31.317  INFO 7444 --- [main] c.d.ablingker.AblingkerDemoApplication   : No active profile set, falling back to 1 default profile: "default"
2023-06-30 01:07:32.031  INFO 7444 --- [main] .s.d.r.c.RepositoryConfigurationDelegate : Bootstrapping Spring Data JPA repositories in DEFAULT mode.
2023-06-30 01:07:32.091  INFO 7444 --- [main] .s.d.r.c.RepositoryConfigurationDelegate : Finished Spring Data repository scanning in 50 ms. Found 6 JPA repository interfaces.
2023-06-30 01:07:32.605  INFO 7444 --- [main] o.s.b.w.embedded.tomcat.TomcatWebServer  : Tomcat initialized with port(s): 8080 (http)
2023-06-30 01:07:32.621  INFO 7444 --- [main] o.apache.catalina.core.StandardService   : Starting service [Tomcat]
2023-06-30 01:07:32.621  INFO 7444 --- [main] org.apache.catalina.core.StandardEngine  : Starting Servlet engine: [Apache Tomcat/9.0.74]
2023-06-30 01:07:32.761  INFO 7444 --- [main] o.a.c.c.C.[Tomcat].[localhost].[/]       : Initializing Spring embedded WebApplicationContext
2023-06-30 01:07:32.762  INFO 7444 --- [main] w.s.c.ServletWebServerApplicationContext : Root WebApplicationContext: initialization completed in 1404 ms
2023-06-30 01:07:32.973  INFO 7444 --- [main] o.hibernate.jpa.internal.util.LogHelper  : HHH000204: Processing PersistenceUnitInfo [name: default]
2023-06-30 01:07:33.011  INFO 7444 --- [main] org.hibernate.Version                    : HHH000412: Hibernate ORM core version 5.6.15.Final
2023-06-30 01:07:33.148  INFO 7444 --- [main] o.hibernate.annotations.common.Version   : HCANN000001: Hibernate Commons Annotations {5.1.2.Final}
2023-06-30 01:07:33.224  INFO 7444 --- [main] com.zaxxer.hikari.HikariDataSource       : HikariPool-1 - Starting...
2023-06-30 01:07:33.373  INFO 7444 --- [main] com.zaxxer.hikari.HikariDataSource       : HikariPool-1 - Start completed.
2023-06-30 01:07:33.385  INFO 7444 --- [main] org.hibernate.dialect.Dialect            : HHH000400: Using dialect: org.hibernate.dialect.MySQL8Dialect
2023-06-30 01:07:33.765  INFO 7444 --- [main] org.hibernate.tuple.PojoInstantiator     : HHH000182: No default (no-argument) constructor for class: com.devsg0831.ablingker.dto.MatchingReservationRecord (class must be instantiated by Interceptor)
2023-06-30 01:07:33.877  INFO 7444 --- [main] o.h.e.t.j.p.i.JtaPlatformInitiator       : HHH000490: Using JtaPlatform implementation: [org.hibernate.engine.transaction.jta.platform.internal.NoJtaPlatform]
2023-06-30 01:07:33.887  INFO 7444 --- [main] j.LocalContainerEntityManagerFactoryBean : Initialized JPA EntityManagerFactory for persistence unit 'default'
2023-06-30 01:07:34.363  WARN 7444 --- [main] JpaBaseConfiguration$JpaWebConfiguration : spring.jpa.open-in-view is enabled by default. Therefore, database queries may be performed during view rendering. Explicitly configure spring.jpa.open-in-view to disable this warning
2023-06-30 01:07:34.564  INFO 7444 --- [main] o.s.s.web.DefaultSecurityFilterChain     : Will secure any request with [org.springframework.security.web.session.DisableEncodeUrlFilter@3cdc5155, org.springframework.security.web.context.request.async.WebAsyncManagerIntegrationFilter@195888a6, org.springframework.security.web.context.SecurityContextPersistenceFilter@6e70861, org.springframework.security.web.header.HeaderWriterFilter@1df8e685, org.springframework.security.web.authentication.logout.LogoutFilter@3ec6f3f1, com.devsg0831.ablingker.component.JsonUsernamePasswordAuthenticationFilter@36e358de, org.springframework.security.web.savedrequest.RequestCacheAwareFilter@5b5d6f9c, org.springframework.security.web.servletapi.SecurityContextHolderAwareRequestFilter@1be3e952, org.springframework.security.web.authentication.AnonymousAuthenticationFilter@2ced7cf, org.springframework.security.web.session.SessionManagementFilter@ab3b54, org.springframework.security.web.access.ExceptionTranslationFilter@6db2a260, org.springframework.security.web.access.intercept.AuthorizationFilter@4b9dd787]
2023-06-30 01:07:34.780  INFO 7444 --- [main] o.s.b.w.embedded.tomcat.TomcatWebServer  : Tomcat started on port(s): 8080 (http) with context path ''
2023-06-30 01:07:34.917  WARN 7444 --- [main] d.s.r.o.OperationImplicitParameterReader : Unable to interpret the implicit parameter configuration with dataType: int, dataTypeClass: class java.lang.Void
2023-06-30 01:07:34.964  INFO 7444 --- [main] c.d.ablingker.AblingkerDemoApplication   : Started AblingkerDemoApplication in 3.966 seconds (JVM running for 4.663)
2023-06-30 01:07:49.419  INFO 7444 --- [http-nio-8080-exec-1] o.a.c.c.C.[Tomcat].[localhost].[/]       : Initializing Spring DispatcherServlet 'dispatcherServlet'
2023-06-30 01:07:49.419  INFO 7444 --- [http-nio-8080-exec-1] o.s.web.servlet.DispatcherServlet        : Initializing Servlet 'dispatcherServlet'
2023-06-30 01:07:49.420  INFO 7444 --- [http-nio-8080-exec-1] o.s.web.servlet.DispatcherServlet        : Completed initialization in 1 ms
2023-06-30 01:08:50.027  INFO 7444 --- [RMI TCP Connection(4)-127.0.0.1] inMXBeanRegistrar$SpringApplicationAdmin : Application shutdown requested.
2023-06-30 01:08:50.052  INFO 7444 --- [RMI TCP Connection(4)-127.0.0.1] o.apache.catalina.core.StandardService   : Stopping service [Tomcat]
2023-06-30 01:08:50.053  INFO 7444 --- [RMI TCP Connection(4)-127.0.0.1] o.a.c.c.C.[Tomcat].[localhost].[/]       : Destroying Spring FrameworkServlet 'dispatcherServlet'
2023-06-30 01:08:50.055  WARN 7444 --- [RMI TCP Connection(4)-127.0.0.1] o.a.c.loader.WebappClassLoaderBase       : The web application [ROOT] appears to have started a thread named [HikariPool-1 housekeeper] but has failed to stop it. This is very likely to create a memory leak. Stack trace of thread:
 java.base@17.0.6/jdk.internal.misc.Unsafe.park(Native Method)
 java.base@17.0.6/java.util.concurrent.locks.LockSupport.parkNanos(LockSupport.java:252)
 java.base@17.0.6/java.util.concurrent.locks.AbstractQueuedSynchronizer$ConditionObject.awaitNanos(AbstractQueuedSynchronizer.java:1672)
 java.base@17.0.6/java.util.concurrent.ScheduledThreadPoolExecutor$DelayedWorkQueue.take(ScheduledThreadPoolExecutor.java:1182)
 java.base@17.0.6/java.util.concurrent.ScheduledThreadPoolExecutor$DelayedWorkQueue.take(ScheduledThreadPoolExecutor.java:899)
 java.base@17.0.6/java.util.concurrent.ThreadPoolExecutor.getTask(ThreadPoolExecutor.java:1062)
 java.base@17.0.6/java.util.concurrent.ThreadPoolExecutor.runWorker(ThreadPoolExecutor.java:1122)
 java.base@17.0.6/java.util.concurrent.ThreadPoolExecutor$Worker.run(ThreadPoolExecutor.java:635)
 java.base@17.0.6/java.lang.Thread.run(Thread.java:833)
2023-06-30 01:08:50.063  INFO 7444 --- [RMI TCP Connection(4)-127.0.0.1] j.LocalContainerEntityManagerFactoryBean : Closing JPA EntityManagerFactory for persistence unit 'default'
2023-06-30 01:08:50.065  INFO 7444 --- [RMI TCP Connection(4)-127.0.0.1] com.zaxxer.hikari.HikariDataSource       : HikariPool-1 - Shutdown initiated...
2023-06-30 01:08:50.072  INFO 7444 --- [RMI TCP Connection(4)-127.0.0.1] com.zaxxer.hikari.HikariDataSource       : HikariPool-1 - Shutdown completed.
